This file contains any messages produced by compilers while
running configure, to aid debugging if configure makes a mistake.

It was created by configure, which was
generated by GNU Autoconf 2.60.  Invocation command line was

  $ ./configure 

## --------- ##
## Platform. ##
## --------- ##

hostname = lifebook
uname -m = i686
uname -r = 3.13.1-p4-smp
uname -s = Linux
uname -v = #1 SMP PREEMPT Wed Feb 5 00:08:02 UTC 2014

/usr/bin/uname -p = unknown
/bin/uname -X     = unknown

/bin/arch              = unknown
/usr/bin/arch -k       = unknown
/usr/convex/getsysinfo = unknown
/usr/bin/hostinfo      = unknown
/bin/machine           = unknown
/usr/bin/oslevel       = unknown
/bin/universe          = unknown

PATH: /usr/prebin
PATH: /usr/local/bin
PATH: /usr/bin
PATH: /usr/X11R7/bin
PATH: /bin
PATH: /usr/games/bin
PATH: /opt/git-1.9.rc0/bin


## ----------- ##
## Core tests. ##
## ----------- ##

configure:1711: checking for gcc
configure:1727: found /usr/bin/gcc
configure:1738: result: gcc
configure:1976: checking for C compiler version
configure:1983: gcc --version >&5
gcc (GCC) 4.7.3
Copyright (C) 2012 Free Software Foundation, Inc.
This is free software; see the source for copying conditions.  There is NO
warranty; not even for MERCHANTABILITY or FITNESS FOR A PARTICULAR PURPOSE.

configure:1986: $? = 0
configure:1993: gcc -v >&5
Using built-in specs.
COLLECT_GCC=gcc
COLLECT_LTO_WRAPPER=/usr/libexec/gcc/i486-pc-linux-gnu/4.7.3/lto-wrapper
Target: i486-pc-linux-gnu
Configured with: ../gcc-4.7.3-src/configure --prefix=/usr --sysconfdir=/etc --includedir=/usr/include --localstatedir=/var --mandir=/usr/share/man --infodir=/usr/share/info --enable-languages=c,c++ --host=i486-pc-linux-gnu --build=i486-pc-linux-gnu --target=i486-pc-linux-gnu --enable-bootstrap
Thread model: posix
gcc version 4.7.3 (GCC) 
configure:1996: $? = 0
configure:2003: gcc -V >&5
gcc: error: unrecognized command line option '-V'
gcc: fatal error: no input files
compilation terminated.
configure:2006: $? = 1
configure:2029: checking for C compiler default output file name
configure:2056: gcc    conftest.c  >&5
configure:2059: $? = 0
configure:2105: result: a.out
configure:2110: checking whether the C compiler works
configure:2120: ./a.out
configure:2123: $? = 0
configure:2140: result: yes
configure:2147: checking whether we are cross compiling
configure:2149: result: no
configure:2152: checking for suffix of executables
configure:2159: gcc -o conftest    conftest.c  >&5
configure:2162: $? = 0
configure:2186: result: 
configure:2192: checking for suffix of object files
configure:2218: gcc -c   conftest.c >&5
configure:2221: $? = 0
configure:2244: result: o
configure:2248: checking whether we are using the GNU C compiler
configure:2277: gcc -c   conftest.c >&5
configure:2283: $? = 0
configure:2290: test -z "$ac_c_werror_flag" || test ! -s conftest.err
configure:2293: $? = 0
configure:2300: test -s conftest.o
configure:2303: $? = 0
configure:2317: result: yes
configure:2322: checking whether gcc accepts -g
configure:2352: gcc -c -g  conftest.c >&5
configure:2358: $? = 0
configure:2365: test -z "$ac_c_werror_flag" || test ! -s conftest.err
configure:2368: $? = 0
configure:2375: test -s conftest.o
configure:2378: $? = 0
configure:2508: result: yes
configure:2525: checking for gcc option to accept ISO C89
configure:2599: gcc  -c -g -O2  conftest.c >&5
configure:2605: $? = 0
configure:2612: test -z "$ac_c_werror_flag" || test ! -s conftest.err
configure:2615: $? = 0
configure:2622: test -s conftest.o
configure:2625: $? = 0
configure:2645: result: none needed
configure:2669: checking whether make sets $(MAKE)
configure:2690: result: yes
configure:2712: checking for a BSD-compatible install
configure:2768: result: /bin/install -c
configure:2785: checking how to run the C preprocessor
configure:2825: gcc -E  conftest.c
configure:2831: $? = 0
configure:2869: gcc -E  conftest.c
conftest.c:8:28: fatal error: ac_nonexistent.h: No such file or directory
compilation terminated.
configure:2875: $? = 1
configure: failed program was:
| /* confdefs.h.  */
| #define PACKAGE_NAME ""
| #define PACKAGE_TARNAME ""
| #define PACKAGE_VERSION ""
| #define PACKAGE_STRING ""
| #define PACKAGE_BUGREPORT ""
| /* end confdefs.h.  */
| #include <ac_nonexistent.h>
configure:2915: result: gcc -E
configure:2944: gcc -E  conftest.c
configure:2950: $? = 0
configure:2988: gcc -E  conftest.c
conftest.c:8:28: fatal error: ac_nonexistent.h: No such file or directory
compilation terminated.
configure:2994: $? = 1
configure: failed program was:
| /* confdefs.h.  */
| #define PACKAGE_NAME ""
| #define PACKAGE_TARNAME ""
| #define PACKAGE_VERSION ""
| #define PACKAGE_STRING ""
| #define PACKAGE_BUGREPORT ""
| /* end confdefs.h.  */
| #include <ac_nonexistent.h>
configure:3039: checking for grep that handles long lines and -e
configure:3113: result: /bin/grep
configure:3118: checking for egrep
configure:3196: result: /bin/grep -E
configure:3201: checking for ANSI C header files
configure:3231: gcc -c -g -O2  conftest.c >&5
configure:3237: $? = 0
configure:3244: test -z "$ac_c_werror_flag" || test ! -s conftest.err
configure:3247: $? = 0
configure:3254: test -s conftest.o
configure:3257: $? = 0
configure:3353: gcc -o conftest -g -O2   conftest.c  >&5
configure:3356: $? = 0
configure:3362: ./conftest
configure:3365: $? = 0
configure:3382: result: yes
configure:3394: checking for deflate in -lz
configure:3429: gcc -o conftest -g -O2   conftest.c -lz   >&5
configure:3435: $? = 0
configure:3442: test -z "$ac_c_werror_flag" || test ! -s conftest.err
configure:3445: $? = 0
configure:3452: test -s conftest
configure:3455: $? = 0
configure:3469: result: yes
configure:3614: creating ./config.status

## ---------------------- ##
## Running config.status. ##
## ---------------------- ##

This file was extended by config.status, which was
generated by GNU Autoconf 2.60.  Invocation command line was

  CONFIG_FILES    = 
  CONFIG_HEADERS  = 
  CONFIG_LINKS    = 
  CONFIG_COMMANDS = 
  $ ./config.status 

on lifebook

config.status:568: creating Makefile
configure:4547: === configuring in libUseful-2.0 (/home/meta/Crayonizer-0.7/libUseful-2.0)
configure:4650: running /bin/sh ./configure --prefix=/usr/local  --cache-file=/dev/null --srcdir=.

## ---------------- ##
## Cache variables. ##
## ---------------- ##

ac_cv_c_compiler_gnu=yes
ac_cv_env_CC_set=
ac_cv_env_CC_value=
ac_cv_env_CFLAGS_set=
ac_cv_env_CFLAGS_value=
ac_cv_env_CPPFLAGS_set=
ac_cv_env_CPPFLAGS_value=
ac_cv_env_CPP_set=
ac_cv_env_CPP_value=
ac_cv_env_LDFLAGS_set=
ac_cv_env_LDFLAGS_value=
ac_cv_env_build_alias_set=
ac_cv_env_build_alias_value=
ac_cv_env_host_alias_set=
ac_cv_env_host_alias_value=
ac_cv_env_target_alias_set=
ac_cv_env_target_alias_value=
ac_cv_header_stdc=yes
ac_cv_lib_z_deflate=yes
ac_cv_objext=o
ac_cv_path_EGREP='/bin/grep -E'
ac_cv_path_GREP=/bin/grep
ac_cv_path_install='/bin/install -c'
ac_cv_prog_CPP='gcc -E'
ac_cv_prog_ac_ct_CC=gcc
ac_cv_prog_cc_c89=
ac_cv_prog_cc_g=yes
ac_cv_prog_make_make_set=yes

## ----------------- ##
## Output variables. ##
## ----------------- ##

CC='gcc'
CFLAGS='-g -O2'
CPP='gcc -E'
CPPFLAGS=''
DEFS='-DPACKAGE_NAME=\"\" -DPACKAGE_TARNAME=\"\" -DPACKAGE_VERSION=\"\" -DPACKAGE_STRING=\"\" -DPACKAGE_BUGREPORT=\"\" -DSTDC_HEADERS=1 -DHAVE_LIBZ=1'
ECHO_C=''
ECHO_N='-n'
ECHO_T=''
EGREP='/bin/grep -E'
EXEEXT=''
GREP='/bin/grep'
INSTALL_DATA='${INSTALL} -m 644'
INSTALL_PROGRAM='${INSTALL}'
INSTALL_SCRIPT='${INSTALL}'
LDFLAGS=''
LIBOBJS=''
LIBS='-lz '
LTLIBOBJS=''
OBJEXT='o'
PACKAGE_BUGREPORT=''
PACKAGE_NAME=''
PACKAGE_STRING=''
PACKAGE_TARNAME=''
PACKAGE_VERSION=''
PATH_SEPARATOR=':'
SET_MAKE=''
SHELL='/bin/sh'
VERSION='0.0.3'
ac_ct_CC='gcc'
bindir='${exec_prefix}/bin'
build_alias=''
datadir='${datarootdir}'
datarootdir='${prefix}/share'
docdir='${datarootdir}/doc/${PACKAGE}'
dvidir='${docdir}'
exec_prefix='${prefix}'
host_alias=''
htmldir='${docdir}'
includedir='${prefix}/include'
infodir='${datarootdir}/info'
libdir='${exec_prefix}/lib'
libexecdir='${exec_prefix}/libexec'
localedir='${datarootdir}/locale'
localstatedir='${prefix}/var'
mandir='${datarootdir}/man'
oldincludedir='/usr/include'
pdfdir='${docdir}'
prefix='/usr/local'
program_transform_name='s,x,x,'
psdir='${docdir}'
sbindir='${exec_prefix}/sbin'
sharedstatedir='${prefix}/com'
subdirs=' libUseful-2.0'
sysconfdir='${prefix}/etc'
target_alias=''

## ----------- ##
## confdefs.h. ##
## ----------- ##

#define PACKAGE_NAME ""
#define PACKAGE_TARNAME ""
#define PACKAGE_VERSION ""
#define PACKAGE_STRING ""
#define PACKAGE_BUGREPORT ""
#define STDC_HEADERS 1
#define HAVE_LIBZ 1

configure: exit 0
