This file contains any messages produced by compilers while
running configure, to aid debugging if configure makes a mistake.

It was created by libUseful configure 5.71, which was
generated by GNU Autoconf 2.71.  Invocation command line was

  $ ./configure --disable-option-checking --prefix=/usr/local --without-libuseful --cache-file=/dev/null --srcdir=.

## --------- ##
## Platform. ##
## --------- ##

hostname = vostro1710
uname -m = x86_64
uname -r = 6.17.5-cold-64
uname -s = Linux
uname -v = #2 SMP PREEMPT_DYNAMIC Fri Nov  7 13:54:05 GMT 2025

/usr/bin/uname -p = unknown
/bin/uname -X     = unknown

/bin/arch              = unknown
/usr/bin/arch -k       = unknown
/usr/convex/getsysinfo = unknown
/usr/bin/hostinfo      = unknown
/bin/machine           = unknown
/usr/bin/oslevel       = unknown
/bin/universe          = unknown

PATH: /usr/prebin/
PATH: /home/user1/bin/
PATH: /usr/local/bin/
PATH: /usr/bin/
PATH: /usr/X11R7/bin/
PATH: /bin/
PATH: /usr/games/bin/
PATH: ./
PATH: /opt/ImageMagick-7.1.2-18/bin/
PATH: /opt/SDL/bin/
PATH: /opt/SDL2/bin/
PATH: /opt/emulators/bin/
PATH: /opt/git-2.27.0/bin/
PATH: /opt/lua-5.5.0/bin/
PATH: /opt/netpbm-10.66.02/bin/
PATH: /opt/opengl/bin/
PATH: /opt/perl-5.24.1/bin/
PATH: /opt/pngprogs-1.6.30/bin/
PATH: /opt/python-3.12.1/bin/
PATH: /opt/tcl-8.6.10/bin/
PATH: /opt/wine-11.0rc5/bin/


## ----------- ##
## Core tests. ##
## ----------- ##

configure:2536: checking for gcc
configure:2557: found /usr/bin/gcc
configure:2568: result: gcc
configure:2921: checking for C compiler version
configure:2930: gcc --version >&5
gcc (GCC) 15.2.0
Copyright (C) 2025 Free Software Foundation, Inc.
This is free software; see the source for copying conditions.  There is NO
warranty; not even for MERCHANTABILITY or FITNESS FOR A PARTICULAR PURPOSE.

configure:2941: $? = 0
configure:2930: gcc -v >&5
Using built-in specs.
COLLECT_GCC=gcc
COLLECT_LTO_WRAPPER=/usr/libexec/gcc/i486-pc-linux-gnu/15.2.0/lto-wrapper
Target: i486-pc-linux-gnu
Configured with: ./configure --prefix=/usr --sysconfdir=/etc --localstatedir=/var --enable-lto --enable-year-2038 --enable-languages=c,c++ --build=i486-pc-linux-gnu --host=i486-pc-linux-gnu
Thread model: posix
Supported LTO compression algorithms: zlib
gcc version 15.2.0 (GCC) 
configure:2941: $? = 0
configure:2930: gcc -V >&5
gcc: error: unrecognized command-line option '-V'
gcc: fatal error: no input files
compilation terminated.
configure:2941: $? = 1
configure:2930: gcc -qversion >&5
gcc: error: unrecognized command-line option '-qversion'; did you mean '--version'?
gcc: fatal error: no input files
compilation terminated.
configure:2941: $? = 1
configure:2930: gcc -version >&5
gcc: error: unrecognized command-line option '-version'
gcc: fatal error: no input files
compilation terminated.
configure:2941: $? = 1
configure:2961: checking whether the C compiler works
configure:2983: gcc    conftest.c  >&5
configure:2987: $? = 0
configure:3037: result: yes
configure:3040: checking for C compiler default output file name
configure:3042: result: a.out
configure:3048: checking for suffix of executables
configure:3055: gcc -o conftest    conftest.c  >&5
configure:3059: $? = 0
configure:3082: result: 
configure:3104: checking whether we are cross compiling
configure:3112: gcc -o conftest    conftest.c  >&5
configure:3116: $? = 0
configure:3123: ./conftest
configure:3127: $? = 0
configure:3142: result: no
configure:3147: checking for suffix of object files
configure:3170: gcc -c   conftest.c >&5
configure:3174: $? = 0
configure:3196: result: o
configure:3200: checking whether the compiler supports GNU C
configure:3220: gcc -c   conftest.c >&5
configure:3220: $? = 0
configure:3230: result: yes
configure:3241: checking whether gcc accepts -g
configure:3262: gcc -c -g  conftest.c >&5
configure:3262: $? = 0
configure:3306: result: yes
configure:3326: checking for gcc option to enable C11 features
configure:3341: gcc  -c -g -O2  conftest.c >&5
conftest.c: In function 'e':
conftest.c:23:14: warning: old-style function definition [-Wold-style-definition]
   23 | static char *e (p, i)
      |              ^
configure:3341: $? = 0
configure:3359: result: none needed
configure:3475: checking whether make sets $(MAKE)
configure:3498: result: yes
configure:3507: checking for grep that handles long lines and -e
configure:3571: result: /bin/grep
configure:3576: checking for egrep
configure:3644: result: /bin/grep -E
configure:3658: checking for special C compiler options needed for large files
configure:3706: result: no
configure:3712: checking for _FILE_OFFSET_BITS value needed for large files
configure:3738: gcc -c -g -O2  conftest.c >&5
conftest.c:14:39: warning: result of '-2147483648 << 31' requires 63 bits to represent, but 'long int' only has 32 bits [-Wshift-overflow=]
   14 | #define LARGE_OFF_T (((off_t) 1 << 31 << 31) - 1 + ((off_t) 1 << 31 << 31))
      |                                       ^~
conftest.c:15:23: note: in expansion of macro 'LARGE_OFF_T'
   15 |   int off_t_is_large[(LARGE_OFF_T % 2147483629 == 721
      |                       ^~~~~~~~~~~
conftest.c:14:69: warning: result of '-2147483648 << 31' requires 63 bits to represent, but 'long int' only has 32 bits [-Wshift-overflow=]
   14 | #define LARGE_OFF_T (((off_t) 1 << 31 << 31) - 1 + ((off_t) 1 << 31 << 31))
      |                                                                     ^~
conftest.c:15:23: note: in expansion of macro 'LARGE_OFF_T'
   15 |   int off_t_is_large[(LARGE_OFF_T % 2147483629 == 721
      |                       ^~~~~~~~~~~
conftest.c:14:39: warning: result of '-2147483648 << 31' requires 63 bits to represent, but 'long int' only has 32 bits [-Wshift-overflow=]
   14 | #define LARGE_OFF_T (((off_t) 1 << 31 << 31) - 1 + ((off_t) 1 << 31 << 31))
      |                                       ^~
conftest.c:16:27: note: in expansion of macro 'LARGE_OFF_T'
   16 |                        && LARGE_OFF_T % 2147483647 == 1)
      |                           ^~~~~~~~~~~
conftest.c:14:69: warning: result of '-2147483648 << 31' requires 63 bits to represent, but 'long int' only has 32 bits [-Wshift-overflow=]
   14 | #define LARGE_OFF_T (((off_t) 1 << 31 << 31) - 1 + ((off_t) 1 << 31 << 31))
      |                                                                     ^~
conftest.c:16:27: note: in expansion of macro 'LARGE_OFF_T'
   16 |                        && LARGE_OFF_T % 2147483647 == 1)
      |                           ^~~~~~~~~~~
conftest.c:15:7: error: variably modified 'off_t_is_large' at file scope
   15 |   int off_t_is_large[(LARGE_OFF_T % 2147483629 == 721
      |       ^~~~~~~~~~~~~~
configure:3738: $? = 1
configure: failed program was:
| /* confdefs.h */
| #define PACKAGE_NAME "libUseful"
| #define PACKAGE_TARNAME "libuseful"
| #define PACKAGE_VERSION "5.71"
| #define PACKAGE_STRING "libUseful 5.71"
| #define PACKAGE_BUGREPORT "colums.projects@gmail.com"
| #define PACKAGE_URL ""
| /* end confdefs.h.  */
| #include <sys/types.h>
|  /* Check that off_t can represent 2**63 - 1 correctly.
|     We can't simply define LARGE_OFF_T to be 9223372036854775807,
|     since some C++ compilers masquerading as C compilers
|     incorrectly reject 9223372036854775807.  */
| #define LARGE_OFF_T (((off_t) 1 << 31 << 31) - 1 + ((off_t) 1 << 31 << 31))
|   int off_t_is_large[(LARGE_OFF_T % 2147483629 == 721
| 		       && LARGE_OFF_T % 2147483647 == 1)
| 		      ? 1 : -1];
| int
| main (void)
| {
| 
|   ;
|   return 0;
| }
configure:3763: gcc -c -g -O2  conftest.c >&5
configure:3763: $? = 0
configure:3772: result: 64
configure:3854: checking for working volatile
configure:3874: gcc -c -g -O2  conftest.c >&5
configure:3874: $? = 0
configure:3882: result: yes
configure:3890: checking for inline
configure:3907: gcc -c -g -O2  conftest.c >&5
configure:3907: $? = 0
configure:3916: result: inline
configure:4344: checking for get_current_dir_name in -lc
configure:4367: gcc -o conftest -g -O2   conftest.c -lc   >&5
configure:4367: $? = 0
configure:4377: result: yes
configure:4385: checking for getloadavg
configure:4385: gcc -o conftest -g -O2   conftest.c  >&5
configure:4385: $? = 0
configure:4385: result: yes
configure:4391: checking for sysinfo
configure:4391: gcc -o conftest -g -O2   conftest.c  >&5
configure:4391: $? = 0
configure:4391: result: yes
configure:4397: checking for sysconf
configure:4397: gcc -o conftest -g -O2   conftest.c  >&5
configure:4397: $? = 0
configure:4397: result: yes
configure:4403: checking for getpagesize
configure:4403: gcc -o conftest -g -O2   conftest.c  >&5
configure:4403: $? = 0
configure:4403: result: yes
configure:4409: checking for ptsname_r
configure:4409: gcc -o conftest -g -O2   conftest.c  >&5
configure:4409: $? = 0
configure:4409: result: yes
configure:4415: checking for clearenv
configure:4415: gcc -o conftest -g -O2   conftest.c  >&5
configure:4415: $? = 0
configure:4415: result: yes
configure:4421: checking for setresuid
configure:4421: gcc -o conftest -g -O2   conftest.c  >&5
configure:4421: $? = 0
configure:4421: result: yes
configure:4427: checking for initgroups
configure:4427: gcc -o conftest -g -O2   conftest.c  >&5
configure:4427: $? = 0
configure:4427: result: yes
configure:4433: checking for mlock
configure:4433: gcc -o conftest -g -O2   conftest.c  >&5
configure:4433: $? = 0
configure:4433: result: yes
configure:4439: checking for mlockall
configure:4439: gcc -o conftest -g -O2   conftest.c  >&5
configure:4439: $? = 0
configure:4439: result: yes
configure:4445: checking for munlockall
configure:4445: gcc -o conftest -g -O2   conftest.c  >&5
configure:4445: $? = 0
configure:4445: result: yes
configure:4451: checking for madvise
configure:4451: gcc -o conftest -g -O2   conftest.c  >&5
configure:4451: $? = 0
configure:4451: result: yes
configure:4457: checking for htonll
configure:4457: gcc -o conftest -g -O2   conftest.c  >&5
/usr/lib/gcc/i486-pc-linux-gnu/15.2.0/../../../../i486-pc-linux-gnu/bin/ld: /usr/lib/gcc/i486-pc-linux-gnu/15.2.0/../../../../i486-pc-linux-gnu/bin/ld: DWARF error: can't find .debug_ranges section.
/tmp/ccuSF2o3.o: in function `main':
conftest.c:(.text.startup+0x7): undefined reference to `htonll'
collect2: error: ld returned 1 exit status
configure:4457: $? = 1
configure: failed program was:
| /* confdefs.h */
| #define PACKAGE_NAME "libUseful"
| #define PACKAGE_TARNAME "libuseful"
| #define PACKAGE_VERSION "5.71"
| #define PACKAGE_STRING "libUseful 5.71"
| #define PACKAGE_BUGREPORT "colums.projects@gmail.com"
| #define PACKAGE_URL ""
| #define _FILE_OFFSET_BITS 64
| #define HAVE_GET_CURR_DIR 1
| #define HAVE_GETLOADAVG 1
| #define HAVE_SYSINFO 1
| #define HAVE_SYSCONF 1
| #define HAVE_GETPAGESIZE 1
| #define HAVE_PTSNAME_R 1
| #define HAVE_CLEARENV 1
| #define HAVE_SETRESUID 1
| #define HAVE_INITGROUPS 1
| #define HAVE_MLOCK 1
| #define HAVE_MLOCKALL 1
| #define HAVE_MUNLOCKALL 1
| #define HAVE_MADVISE 1
| /* end confdefs.h.  */
| /* Define htonll to an innocuous variant, in case <limits.h> declares htonll.
|    For example, HP-UX 11i <limits.h> declares gettimeofday.  */
| #define htonll innocuous_htonll
| 
| /* System header to define __stub macros and hopefully few prototypes,
|    which can conflict with char htonll (); below.  */
| 
| #include <limits.h>
| #undef htonll
| 
| /* Override any GCC internal prototype to avoid an error.
|    Use char because int might match the return type of a GCC
|    builtin and then its argument prototype would still apply.  */
| #ifdef __cplusplus
| extern "C"
| #endif
| char htonll ();
| /* The GNU C library defines this for functions which it implements
|     to always fail with ENOSYS.  Some functions are actually named
|     something starting with __ and the normal name is an alias.  */
| #if defined __stub_htonll || defined __stub___htonll
| choke me
| #endif
| 
| int
| main (void)
| {
| return htonll ();
|   ;
|   return 0;
| }
configure:4457: result: no
configure:4463: checking for ntohll
configure:4463: gcc -o conftest -g -O2   conftest.c  >&5
/usr/lib/gcc/i486-pc-linux-gnu/15.2.0/../../../../i486-pc-linux-gnu/bin/ld: /usr/lib/gcc/i486-pc-linux-gnu/15.2.0/../../../../i486-pc-linux-gnu/bin/ld: DWARF error: can't find .debug_ranges section.
/tmp/ccdlcJLe.o: in function `main':
conftest.c:(.text.startup+0x7): undefined reference to `ntohll'
collect2: error: ld returned 1 exit status
configure:4463: $? = 1
configure: failed program was:
| /* confdefs.h */
| #define PACKAGE_NAME "libUseful"
| #define PACKAGE_TARNAME "libuseful"
| #define PACKAGE_VERSION "5.71"
| #define PACKAGE_STRING "libUseful 5.71"
| #define PACKAGE_BUGREPORT "colums.projects@gmail.com"
| #define PACKAGE_URL ""
| #define _FILE_OFFSET_BITS 64
| #define HAVE_GET_CURR_DIR 1
| #define HAVE_GETLOADAVG 1
| #define HAVE_SYSINFO 1
| #define HAVE_SYSCONF 1
| #define HAVE_GETPAGESIZE 1
| #define HAVE_PTSNAME_R 1
| #define HAVE_CLEARENV 1
| #define HAVE_SETRESUID 1
| #define HAVE_INITGROUPS 1
| #define HAVE_MLOCK 1
| #define HAVE_MLOCKALL 1
| #define HAVE_MUNLOCKALL 1
| #define HAVE_MADVISE 1
| /* end confdefs.h.  */
| /* Define ntohll to an innocuous variant, in case <limits.h> declares ntohll.
|    For example, HP-UX 11i <limits.h> declares gettimeofday.  */
| #define ntohll innocuous_ntohll
| 
| /* System header to define __stub macros and hopefully few prototypes,
|    which can conflict with char ntohll (); below.  */
| 
| #include <limits.h>
| #undef ntohll
| 
| /* Override any GCC internal prototype to avoid an error.
|    Use char because int might match the return type of a GCC
|    builtin and then its argument prototype would still apply.  */
| #ifdef __cplusplus
| extern "C"
| #endif
| char ntohll ();
| /* The GNU C library defines this for functions which it implements
|     to always fail with ENOSYS.  Some functions are actually named
|     something starting with __ and the normal name is an alias.  */
| #if defined __stub_ntohll || defined __stub___ntohll
| choke me
| #endif
| 
| int
| main (void)
| {
| return ntohll ();
|   ;
|   return 0;
| }
configure:4463: result: no
configure:4469: checking for mkostemp
configure:4469: gcc -o conftest -g -O2   conftest.c  >&5
configure:4469: $? = 0
configure:4469: result: yes
configure:4475: checking for mount
configure:4475: gcc -o conftest -g -O2   conftest.c  >&5
configure:4475: $? = 0
configure:4475: result: yes
configure:4481: checking for umount
configure:4481: gcc -o conftest -g -O2   conftest.c  >&5
configure:4481: $? = 0
configure:4481: result: yes
configure:4487: checking for umount2
configure:4487: gcc -o conftest -g -O2   conftest.c  >&5
configure:4487: $? = 0
configure:4487: result: yes
configure:4493: checking for getentropy
configure:4493: gcc -o conftest -g -O2   conftest.c  >&5
configure:4493: $? = 0
configure:4493: result: yes
configure:4499: checking for prctl
configure:4499: gcc -o conftest -g -O2   conftest.c  >&5
configure:4499: $? = 0
configure:4499: result: yes
configure:4539: checking for poll
configure:4539: gcc -o conftest -g -O2   conftest.c  >&5
configure:4539: $? = 0
configure:4539: result: yes
configure:4564: checking for stdio.h
configure:4564: gcc -c -g -O2  conftest.c >&5
configure:4564: $? = 0
configure:4564: result: yes
configure:4564: checking for stdlib.h
configure:4564: gcc -c -g -O2  conftest.c >&5
configure:4564: $? = 0
configure:4564: result: yes
configure:4564: checking for string.h
configure:4564: gcc -c -g -O2  conftest.c >&5
configure:4564: $? = 0
configure:4564: result: yes
configure:4564: checking for inttypes.h
configure:4564: gcc -c -g -O2  conftest.c >&5
configure:4564: $? = 0
configure:4564: result: yes
configure:4564: checking for stdint.h
configure:4564: gcc -c -g -O2  conftest.c >&5
configure:4564: $? = 0
configure:4564: result: yes
configure:4564: checking for strings.h
configure:4564: gcc -c -g -O2  conftest.c >&5
configure:4564: $? = 0
configure:4564: result: yes
configure:4564: checking for sys/stat.h
configure:4564: gcc -c -g -O2  conftest.c >&5
configure:4564: $? = 0
configure:4564: result: yes
configure:4564: checking for sys/types.h
configure:4564: gcc -c -g -O2  conftest.c >&5
configure:4564: $? = 0
configure:4564: result: yes
configure:4564: checking for unistd.h
configure:4564: gcc -c -g -O2  conftest.c >&5
configure:4564: $? = 0
configure:4564: result: yes
configure:4592: checking for sys/epoll.h
configure:4592: gcc -c -g -O2  conftest.c >&5
configure:4592: $? = 0
configure:4592: result: yes
configure:4603: checking for epoll_create1
configure:4603: gcc -o conftest -g -O2   conftest.c  >&5
configure:4603: $? = 0
configure:4603: result: yes
configure:4630: checking for sys/sendfile.h
configure:4630: gcc -c -g -O2  conftest.c >&5
configure:4630: $? = 0
configure:4630: result: yes
configure:4641: checking for sendfile
configure:4641: gcc -o conftest -g -O2   conftest.c  >&5
configure:4641: $? = 0
configure:4641: result: yes
configure:4657: checking for sys/random.h
configure:4657: gcc -c -g -O2  conftest.c >&5
configure:4657: $? = 0
configure:4657: result: yes
configure:4673: checking for linux/netfilter_ipv4.h
configure:4673: gcc -c -g -O2  conftest.c >&5
configure:4673: $? = 0
configure:4673: result: yes
configure:4949: checking for unshare in -lc
configure:4972: gcc -o conftest -g -O2   conftest.c -lc   >&5
configure:4972: $? = 0
configure:4982: result: yes
configure:5000: checking for setns in -lc
configure:5023: gcc -o conftest -g -O2   conftest.c -lc  -lc  >&5
configure:5023: $? = 0
configure:5033: result: yes
configure:5064: checking for gcc options needed to detect all undeclared functions
configure:5086: gcc -c -g -O2   conftest.c >&5
conftest.c: In function 'main':
conftest.c:59:8: error: 'strchr' undeclared (first use in this function)
   59 | (void) strchr;
      |        ^~~~~~
conftest.c:1:1: note: 'strchr' is defined in header '<string.h>'; this is probably fixable by adding '#include <string.h>'
    1 | /* confdefs.h */
conftest.c:59:8: note: each undeclared identifier is reported only once for each function it appears in
   59 | (void) strchr;
      |        ^~~~~~
configure:5086: $? = 1
configure: failed program was:
| /* confdefs.h */
| #define PACKAGE_NAME "libUseful"
| #define PACKAGE_TARNAME "libuseful"
| #define PACKAGE_VERSION "5.71"
| #define PACKAGE_STRING "libUseful 5.71"
| #define PACKAGE_BUGREPORT "colums.projects@gmail.com"
| #define PACKAGE_URL ""
| #define _FILE_OFFSET_BITS 64
| #define HAVE_GET_CURR_DIR 1
| #define HAVE_GETLOADAVG 1
| #define HAVE_SYSINFO 1
| #define HAVE_SYSCONF 1
| #define HAVE_GETPAGESIZE 1
| #define HAVE_PTSNAME_R 1
| #define HAVE_CLEARENV 1
| #define HAVE_SETRESUID 1
| #define HAVE_INITGROUPS 1
| #define HAVE_MLOCK 1
| #define HAVE_MLOCKALL 1
| #define HAVE_MUNLOCKALL 1
| #define HAVE_MADVISE 1
| #define HAVE_MKOSTEMP 1
| #define HAVE_MOUNT 1
| #define HAVE_UMOUNT 1
| #define HAVE_UMOUNT2 1
| #define HAVE_GETENTROPY 1
| #define HAVE_PRCTL 1
| #define USE_STRLEN_CACHE 1
| #define HAVE_POLL 1
| #define HAVE_STDIO_H 1
| #define HAVE_STDLIB_H 1
| #define HAVE_STRING_H 1
| #define HAVE_INTTYPES_H 1
| #define HAVE_STDINT_H 1
| #define HAVE_STRINGS_H 1
| #define HAVE_SYS_STAT_H 1
| #define HAVE_SYS_TYPES_H 1
| #define HAVE_UNISTD_H 1
| #define STDC_HEADERS 1
| #define HAVE_EPOLL 1
| #define HAVE_SENDFILE 1
| #define HAVE_SYS_RANDOM 1
| #define USE_INET6 1
| #define USE_CRC32 1
| #define USE_MD5 1
| #define USE_SHA1 1
| #define USE_SHA2 1
| #define USE_WHIRL 1
| #define USE_JH 1
| #define HAVE_LIBC 1
| #define HAVE_UNSHARE 1
| #define HAVE_LIBC 1
| #define HAVE_SETNS 1
| /* end confdefs.h.  */
| 
| int
| main (void)
| {
| (void) strchr;
|   ;
|   return 0;
| }
configure:5113: gcc -c -g -O2   conftest.c >&5
configure:5113: $? = 0
configure:5130: result: none needed
configure:5149: checking how to run the C preprocessor
configure:5175: gcc -E  conftest.c
configure:5175: $? = 0
configure:5190: gcc -E  conftest.c
conftest.c:55:10: fatal error: ac_nonexistent.h: No such file or directory
   55 | #include <ac_nonexistent.h>
      |          ^~~~~~~~~~~~~~~~~~
compilation terminated.
configure:5190: $? = 1
configure: failed program was:
| /* confdefs.h */
| #define PACKAGE_NAME "libUseful"
| #define PACKAGE_TARNAME "libuseful"
| #define PACKAGE_VERSION "5.71"
| #define PACKAGE_STRING "libUseful 5.71"
| #define PACKAGE_BUGREPORT "colums.projects@gmail.com"
| #define PACKAGE_URL ""
| #define _FILE_OFFSET_BITS 64
| #define HAVE_GET_CURR_DIR 1
| #define HAVE_GETLOADAVG 1
| #define HAVE_SYSINFO 1
| #define HAVE_SYSCONF 1
| #define HAVE_GETPAGESIZE 1
| #define HAVE_PTSNAME_R 1
| #define HAVE_CLEARENV 1
| #define HAVE_SETRESUID 1
| #define HAVE_INITGROUPS 1
| #define HAVE_MLOCK 1
| #define HAVE_MLOCKALL 1
| #define HAVE_MUNLOCKALL 1
| #define HAVE_MADVISE 1
| #define HAVE_MKOSTEMP 1
| #define HAVE_MOUNT 1
| #define HAVE_UMOUNT 1
| #define HAVE_UMOUNT2 1
| #define HAVE_GETENTROPY 1
| #define HAVE_PRCTL 1
| #define USE_STRLEN_CACHE 1
| #define HAVE_POLL 1
| #define HAVE_STDIO_H 1
| #define HAVE_STDLIB_H 1
| #define HAVE_STRING_H 1
| #define HAVE_INTTYPES_H 1
| #define HAVE_STDINT_H 1
| #define HAVE_STRINGS_H 1
| #define HAVE_SYS_STAT_H 1
| #define HAVE_SYS_TYPES_H 1
| #define HAVE_UNISTD_H 1
| #define STDC_HEADERS 1
| #define HAVE_EPOLL 1
| #define HAVE_SENDFILE 1
| #define HAVE_SYS_RANDOM 1
| #define USE_INET6 1
| #define USE_CRC32 1
| #define USE_MD5 1
| #define USE_SHA1 1
| #define USE_SHA2 1
| #define USE_WHIRL 1
| #define USE_JH 1
| #define HAVE_LIBC 1
| #define HAVE_UNSHARE 1
| #define HAVE_LIBC 1
| #define HAVE_SETNS 1
| /* end confdefs.h.  */
| #include <ac_nonexistent.h>
configure:5217: result: gcc -E
configure:5231: gcc -E  conftest.c
configure:5231: $? = 0
configure:5246: gcc -E  conftest.c
conftest.c:55:10: fatal error: ac_nonexistent.h: No such file or directory
   55 | #include <ac_nonexistent.h>
      |          ^~~~~~~~~~~~~~~~~~
compilation terminated.
configure:5246: $? = 1
configure: failed program was:
| /* confdefs.h */
| #define PACKAGE_NAME "libUseful"
| #define PACKAGE_TARNAME "libuseful"
| #define PACKAGE_VERSION "5.71"
| #define PACKAGE_STRING "libUseful 5.71"
| #define PACKAGE_BUGREPORT "colums.projects@gmail.com"
| #define PACKAGE_URL ""
| #define _FILE_OFFSET_BITS 64
| #define HAVE_GET_CURR_DIR 1
| #define HAVE_GETLOADAVG 1
| #define HAVE_SYSINFO 1
| #define HAVE_SYSCONF 1
| #define HAVE_GETPAGESIZE 1
| #define HAVE_PTSNAME_R 1
| #define HAVE_CLEARENV 1
| #define HAVE_SETRESUID 1
| #define HAVE_INITGROUPS 1
| #define HAVE_MLOCK 1
| #define HAVE_MLOCKALL 1
| #define HAVE_MUNLOCKALL 1
| #define HAVE_MADVISE 1
| #define HAVE_MKOSTEMP 1
| #define HAVE_MOUNT 1
| #define HAVE_UMOUNT 1
| #define HAVE_UMOUNT2 1
| #define HAVE_GETENTROPY 1
| #define HAVE_PRCTL 1
| #define USE_STRLEN_CACHE 1
| #define HAVE_POLL 1
| #define HAVE_STDIO_H 1
| #define HAVE_STDLIB_H 1
| #define HAVE_STRING_H 1
| #define HAVE_INTTYPES_H 1
| #define HAVE_STDINT_H 1
| #define HAVE_STRINGS_H 1
| #define HAVE_SYS_STAT_H 1
| #define HAVE_SYS_TYPES_H 1
| #define HAVE_UNISTD_H 1
| #define STDC_HEADERS 1
| #define HAVE_EPOLL 1
| #define HAVE_SENDFILE 1
| #define HAVE_SYS_RANDOM 1
| #define USE_INET6 1
| #define USE_CRC32 1
| #define USE_MD5 1
| #define USE_SHA1 1
| #define USE_SHA2 1
| #define USE_WHIRL 1
| #define USE_JH 1
| #define HAVE_LIBC 1
| #define HAVE_UNSHARE 1
| #define HAVE_LIBC 1
| #define HAVE_SETNS 1
| /* end confdefs.h.  */
| #include <ac_nonexistent.h>
configure:5280: checking for openssl/crypto.h
configure:5280: gcc -c -g -O2  conftest.c >&5
configure:5280: $? = 0
configure:5280: result: yes
configure:5286: checking for openssl/ssl.h
configure:5286: gcc -c -g -O2  conftest.c >&5
configure:5286: $? = 0
configure:5286: result: yes
configure:5293: checking for EVP_CIPHER_CTX_init in -lcrypto
configure:5316: gcc -o conftest -g -O2   conftest.c -lcrypto  -lc -lc  >&5
configure:5316: $? = 0
configure:5326: result: yes
configure:5389: checking for SSL_library_init in -lssl
configure:5412: gcc -o conftest -g -O2   conftest.c -lssl  -lcrypto -lc -lc  >&5
configure:5412: $? = 0
configure:5422: result: yes
configure:5490: checking for OpenSSL_add_all_algorithms
configure:5490: gcc -o conftest -g -O2   conftest.c -lssl -lcrypto -lc -lc  >&5
/usr/lib/gcc/i486-pc-linux-gnu/15.2.0/../../../../i486-pc-linux-gnu/bin/ld: /usr/lib/gcc/i486-pc-linux-gnu/15.2.0/../../../../i486-pc-linux-gnu/bin/ld: DWARF error: can't find .debug_ranges section.
/tmp/ccSF9k5g.o: in function `main':
conftest.c:(.text.startup+0x7): undefined reference to `OpenSSL_add_all_algorithms'
collect2: error: ld returned 1 exit status
configure:5490: $? = 1
configure: failed program was:
| /* confdefs.h */
| #define PACKAGE_NAME "libUseful"
| #define PACKAGE_TARNAME "libuseful"
| #define PACKAGE_VERSION "5.71"
| #define PACKAGE_STRING "libUseful 5.71"
| #define PACKAGE_BUGREPORT "colums.projects@gmail.com"
| #define PACKAGE_URL ""
| #define _FILE_OFFSET_BITS 64
| #define HAVE_GET_CURR_DIR 1
| #define HAVE_GETLOADAVG 1
| #define HAVE_SYSINFO 1
| #define HAVE_SYSCONF 1
| #define HAVE_GETPAGESIZE 1
| #define HAVE_PTSNAME_R 1
| #define HAVE_CLEARENV 1
| #define HAVE_SETRESUID 1
| #define HAVE_INITGROUPS 1
| #define HAVE_MLOCK 1
| #define HAVE_MLOCKALL 1
| #define HAVE_MUNLOCKALL 1
| #define HAVE_MADVISE 1
| #define HAVE_MKOSTEMP 1
| #define HAVE_MOUNT 1
| #define HAVE_UMOUNT 1
| #define HAVE_UMOUNT2 1
| #define HAVE_GETENTROPY 1
| #define HAVE_PRCTL 1
| #define USE_STRLEN_CACHE 1
| #define HAVE_POLL 1
| #define HAVE_STDIO_H 1
| #define HAVE_STDLIB_H 1
| #define HAVE_STRING_H 1
| #define HAVE_INTTYPES_H 1
| #define HAVE_STDINT_H 1
| #define HAVE_STRINGS_H 1
| #define HAVE_SYS_STAT_H 1
| #define HAVE_SYS_TYPES_H 1
| #define HAVE_UNISTD_H 1
| #define STDC_HEADERS 1
| #define HAVE_EPOLL 1
| #define HAVE_SENDFILE 1
| #define HAVE_SYS_RANDOM 1
| #define USE_INET6 1
| #define USE_CRC32 1
| #define USE_MD5 1
| #define USE_SHA1 1
| #define USE_SHA2 1
| #define USE_WHIRL 1
| #define USE_JH 1
| #define HAVE_LIBC 1
| #define HAVE_UNSHARE 1
| #define HAVE_LIBC 1
| #define HAVE_SETNS 1
| #define HAVE_LIBCRYPTO 1
| #define HAVE_LIBSSL 1
| /* end confdefs.h.  */
| /* Define OpenSSL_add_all_algorithms to an innocuous variant, in case <limits.h> declares OpenSSL_add_all_algorithms.
|    For example, HP-UX 11i <limits.h> declares gettimeofday.  */
| #define OpenSSL_add_all_algorithms innocuous_OpenSSL_add_all_algorithms
| 
| /* System header to define __stub macros and hopefully few prototypes,
|    which can conflict with char OpenSSL_add_all_algorithms (); below.  */
| 
| #include <limits.h>
| #undef OpenSSL_add_all_algorithms
| 
| /* Override any GCC internal prototype to avoid an error.
|    Use char because int might match the return type of a GCC
|    builtin and then its argument prototype would still apply.  */
| #ifdef __cplusplus
| extern "C"
| #endif
| char OpenSSL_add_all_algorithms ();
| /* The GNU C library defines this for functions which it implements
|     to always fail with ENOSYS.  Some functions are actually named
|     something starting with __ and the normal name is an alias.  */
| #if defined __stub_OpenSSL_add_all_algorithms || defined __stub___OpenSSL_add_all_algorithms
| choke me
| #endif
| 
| int
| main (void)
| {
| return OpenSSL_add_all_algorithms ();
|   ;
|   return 0;
| }
configure:5490: result: no
configure:5496: checking for EVP_MD_CTX_create
configure:5496: gcc -o conftest -g -O2   conftest.c -lssl -lcrypto -lc -lc  >&5
configure:5496: $? = 0
configure:5496: result: yes
configure:5502: checking for EVP_MD_CTX_new
configure:5502: gcc -o conftest -g -O2   conftest.c -lssl -lcrypto -lc -lc  >&5
configure:5502: $? = 0
configure:5502: result: yes
configure:5508: checking for EVP_MD_CTX_destroy
configure:5508: gcc -o conftest -g -O2   conftest.c -lssl -lcrypto -lc -lc  >&5
configure:5508: $? = 0
configure:5508: result: yes
configure:5514: checking for EVP_MD_CTX_free
configure:5514: gcc -o conftest -g -O2   conftest.c -lssl -lcrypto -lc -lc  >&5
configure:5514: $? = 0
configure:5514: result: yes
configure:5520: checking for X509_check_host
configure:5520: gcc -o conftest -g -O2   conftest.c -lssl -lcrypto -lc -lc  >&5
configure:5520: $? = 0
configure:5520: result: yes
configure:5526: checking for SSL_set_tlsext_host_name
configure:5526: gcc -o conftest -g -O2   conftest.c -lssl -lcrypto -lc -lc  >&5
/usr/lib/gcc/i486-pc-linux-gnu/15.2.0/../../../../i486-pc-linux-gnu/bin/ld: /usr/lib/gcc/i486-pc-linux-gnu/15.2.0/../../../../i486-pc-linux-gnu/bin/ld: DWARF error: can't find .debug_ranges section.
/tmp/cc8Y9QHR.o: in function `main':
conftest.c:(.text.startup+0x7): undefined reference to `SSL_set_tlsext_host_name'
collect2: error: ld returned 1 exit status
configure:5526: $? = 1
configure: failed program was:
| /* confdefs.h */
| #define PACKAGE_NAME "libUseful"
| #define PACKAGE_TARNAME "libuseful"
| #define PACKAGE_VERSION "5.71"
| #define PACKAGE_STRING "libUseful 5.71"
| #define PACKAGE_BUGREPORT "colums.projects@gmail.com"
| #define PACKAGE_URL ""
| #define _FILE_OFFSET_BITS 64
| #define HAVE_GET_CURR_DIR 1
| #define HAVE_GETLOADAVG 1
| #define HAVE_SYSINFO 1
| #define HAVE_SYSCONF 1
| #define HAVE_GETPAGESIZE 1
| #define HAVE_PTSNAME_R 1
| #define HAVE_CLEARENV 1
| #define HAVE_SETRESUID 1
| #define HAVE_INITGROUPS 1
| #define HAVE_MLOCK 1
| #define HAVE_MLOCKALL 1
| #define HAVE_MUNLOCKALL 1
| #define HAVE_MADVISE 1
| #define HAVE_MKOSTEMP 1
| #define HAVE_MOUNT 1
| #define HAVE_UMOUNT 1
| #define HAVE_UMOUNT2 1
| #define HAVE_GETENTROPY 1
| #define HAVE_PRCTL 1
| #define USE_STRLEN_CACHE 1
| #define HAVE_POLL 1
| #define HAVE_STDIO_H 1
| #define HAVE_STDLIB_H 1
| #define HAVE_STRING_H 1
| #define HAVE_INTTYPES_H 1
| #define HAVE_STDINT_H 1
| #define HAVE_STRINGS_H 1
| #define HAVE_SYS_STAT_H 1
| #define HAVE_SYS_TYPES_H 1
| #define HAVE_UNISTD_H 1
| #define STDC_HEADERS 1
| #define HAVE_EPOLL 1
| #define HAVE_SENDFILE 1
| #define HAVE_SYS_RANDOM 1
| #define USE_INET6 1
| #define USE_CRC32 1
| #define USE_MD5 1
| #define USE_SHA1 1
| #define USE_SHA2 1
| #define USE_WHIRL 1
| #define USE_JH 1
| #define HAVE_LIBC 1
| #define HAVE_UNSHARE 1
| #define HAVE_LIBC 1
| #define HAVE_SETNS 1
| #define HAVE_LIBCRYPTO 1
| #define HAVE_LIBSSL 1
| #define HAVE_EVP_MD_CTX_CREATE 1
| #define HAVE_EVP_MD_CTX_NEW 1
| #define HAVE_EVP_MD_CTX_DESTROY 1
| #define HAVE_EVP_MD_CTX_FREE 1
| #define HAVE_X509_CHECK_HOST 1
| /* end confdefs.h.  */
| /* Define SSL_set_tlsext_host_name to an innocuous variant, in case <limits.h> declares SSL_set_tlsext_host_name.
|    For example, HP-UX 11i <limits.h> declares gettimeofday.  */
| #define SSL_set_tlsext_host_name innocuous_SSL_set_tlsext_host_name
| 
| /* System header to define __stub macros and hopefully few prototypes,
|    which can conflict with char SSL_set_tlsext_host_name (); below.  */
| 
| #include <limits.h>
| #undef SSL_set_tlsext_host_name
| 
| /* Override any GCC internal prototype to avoid an error.
|    Use char because int might match the return type of a GCC
|    builtin and then its argument prototype would still apply.  */
| #ifdef __cplusplus
| extern "C"
| #endif
| char SSL_set_tlsext_host_name ();
| /* The GNU C library defines this for functions which it implements
|     to always fail with ENOSYS.  Some functions are actually named
|     something starting with __ and the normal name is an alias.  */
| #if defined __stub_SSL_set_tlsext_host_name || defined __stub___SSL_set_tlsext_host_name
| choke me
| #endif
| 
| int
| main (void)
| {
| return SSL_set_tlsext_host_name ();
|   ;
|   return 0;
| }
configure:5526: result: no
configure:5532: checking for SSL_set_min_proto_version
configure:5532: gcc -o conftest -g -O2   conftest.c -lssl -lcrypto -lc -lc  >&5
configure:5532: $? = 0
configure:5532: result: yes
configure:5538: checking for EVP_CIPHER_fetch
configure:5538: gcc -o conftest -g -O2   conftest.c -lssl -lcrypto -lc -lc  >&5
/usr/lib/gcc/i486-pc-linux-gnu/15.2.0/../../../../i486-pc-linux-gnu/bin/ld: /usr/lib/gcc/i486-pc-linux-gnu/15.2.0/../../../../i486-pc-linux-gnu/bin/ld: DWARF error: can't find .debug_ranges section.
/tmp/ccOzCfMr.o: in function `main':
conftest.c:(.text.startup+0x7): undefined reference to `EVP_CIPHER_fetch'
collect2: error: ld returned 1 exit status
configure:5538: $? = 1
configure: failed program was:
| /* confdefs.h */
| #define PACKAGE_NAME "libUseful"
| #define PACKAGE_TARNAME "libuseful"
| #define PACKAGE_VERSION "5.71"
| #define PACKAGE_STRING "libUseful 5.71"
| #define PACKAGE_BUGREPORT "colums.projects@gmail.com"
| #define PACKAGE_URL ""
| #define _FILE_OFFSET_BITS 64
| #define HAVE_GET_CURR_DIR 1
| #define HAVE_GETLOADAVG 1
| #define HAVE_SYSINFO 1
| #define HAVE_SYSCONF 1
| #define HAVE_GETPAGESIZE 1
| #define HAVE_PTSNAME_R 1
| #define HAVE_CLEARENV 1
| #define HAVE_SETRESUID 1
| #define HAVE_INITGROUPS 1
| #define HAVE_MLOCK 1
| #define HAVE_MLOCKALL 1
| #define HAVE_MUNLOCKALL 1
| #define HAVE_MADVISE 1
| #define HAVE_MKOSTEMP 1
| #define HAVE_MOUNT 1
| #define HAVE_UMOUNT 1
| #define HAVE_UMOUNT2 1
| #define HAVE_GETENTROPY 1
| #define HAVE_PRCTL 1
| #define USE_STRLEN_CACHE 1
| #define HAVE_POLL 1
| #define HAVE_STDIO_H 1
| #define HAVE_STDLIB_H 1
| #define HAVE_STRING_H 1
| #define HAVE_INTTYPES_H 1
| #define HAVE_STDINT_H 1
| #define HAVE_STRINGS_H 1
| #define HAVE_SYS_STAT_H 1
| #define HAVE_SYS_TYPES_H 1
| #define HAVE_UNISTD_H 1
| #define STDC_HEADERS 1
| #define HAVE_EPOLL 1
| #define HAVE_SENDFILE 1
| #define HAVE_SYS_RANDOM 1
| #define USE_INET6 1
| #define USE_CRC32 1
| #define USE_MD5 1
| #define USE_SHA1 1
| #define USE_SHA2 1
| #define USE_WHIRL 1
| #define USE_JH 1
| #define HAVE_LIBC 1
| #define HAVE_UNSHARE 1
| #define HAVE_LIBC 1
| #define HAVE_SETNS 1
| #define HAVE_LIBCRYPTO 1
| #define HAVE_LIBSSL 1
| #define HAVE_EVP_MD_CTX_CREATE 1
| #define HAVE_EVP_MD_CTX_NEW 1
| #define HAVE_EVP_MD_CTX_DESTROY 1
| #define HAVE_EVP_MD_CTX_FREE 1
| #define HAVE_X509_CHECK_HOST 1
| #define HAVE_SSL_SET_MIN_PROTO_VERSION 1
| /* end confdefs.h.  */
| /* Define EVP_CIPHER_fetch to an innocuous variant, in case <limits.h> declares EVP_CIPHER_fetch.
|    For example, HP-UX 11i <limits.h> declares gettimeofday.  */
| #define EVP_CIPHER_fetch innocuous_EVP_CIPHER_fetch
| 
| /* System header to define __stub macros and hopefully few prototypes,
|    which can conflict with char EVP_CIPHER_fetch (); below.  */
| 
| #include <limits.h>
| #undef EVP_CIPHER_fetch
| 
| /* Override any GCC internal prototype to avoid an error.
|    Use char because int might match the return type of a GCC
|    builtin and then its argument prototype would still apply.  */
| #ifdef __cplusplus
| extern "C"
| #endif
| char EVP_CIPHER_fetch ();
| /* The GNU C library defines this for functions which it implements
|     to always fail with ENOSYS.  Some functions are actually named
|     something starting with __ and the normal name is an alias.  */
| #if defined __stub_EVP_CIPHER_fetch || defined __stub___EVP_CIPHER_fetch
| choke me
| #endif
| 
| int
| main (void)
| {
| return EVP_CIPHER_fetch ();
|   ;
|   return 0;
| }
configure:5538: result: no
configure:5544: checking for X509_get0_notBefore
configure:5544: gcc -o conftest -g -O2   conftest.c -lssl -lcrypto -lc -lc  >&5
configure:5544: $? = 0
configure:5544: result: yes
configure:5550: checking for X509_get0_notAfter
configure:5550: gcc -o conftest -g -O2   conftest.c -lssl -lcrypto -lc -lc  >&5
configure:5550: $? = 0
configure:5550: result: yes
configure:5556: checking for EC_KEY_new_by_curve_name
configure:5556: gcc -o conftest -g -O2   conftest.c -lssl -lcrypto -lc -lc  >&5
configure:5556: $? = 0
configure:5556: result: yes
configure:5562: checking for DH_generate_parameters_ex
configure:5562: gcc -o conftest -g -O2   conftest.c -lssl -lcrypto -lc -lc  >&5
configure:5562: $? = 0
configure:5562: result: yes
configure:5568: checking for DH_new
configure:5568: gcc -o conftest -g -O2   conftest.c -lssl -lcrypto -lc -lc  >&5
configure:5568: $? = 0
configure:5568: result: yes
configure:5574: checking for PEM_read_DHparams
configure:5574: gcc -o conftest -g -O2   conftest.c -lssl -lcrypto -lc -lc  >&5
configure:5574: $? = 0
configure:5574: result: yes
configure:5583: checking whether OpenSSL_add_all_algorithms is declared
configure:5583: gcc -c -g -O2   conftest.c >&5
configure:5583: $? = 0
configure:5583: result: yes
configure:5598: checking whether SSL_set_tlsext_host_name is declared
configure:5598: gcc -c -g -O2   conftest.c >&5
configure:5598: $? = 0
configure:5598: result: yes
configure:5614: checking that OpenSSL Library is at least version 0.9.7
configure:5629: result: yes
configure:5660: checking for deflate in -lz
configure:5683: gcc -o conftest -g -O2   conftest.c -lz  -lssl -lcrypto -lc -lc  >&5
configure:5683: $? = 0
configure:5693: result: yes
configure:6059: creating ./config.status

## ---------------------- ##
## Running config.status. ##
## ---------------------- ##

This file was extended by libUseful config.status 5.71, which was
generated by GNU Autoconf 2.71.  Invocation command line was

  CONFIG_FILES    = 
  CONFIG_HEADERS  = 
  CONFIG_LINKS    = 
  CONFIG_COMMANDS = 
  $ ./config.status 

on vostro1710

config.status:731: creating Makefile

## ---------------- ##
## Cache variables. ##
## ---------------- ##

ac_cv_c_compiler_gnu=yes
ac_cv_c_inline=inline
ac_cv_c_undeclared_builtin_options='none needed'
ac_cv_c_volatile=yes
ac_cv_env_CC_set=
ac_cv_env_CC_value=
ac_cv_env_CFLAGS_set=
ac_cv_env_CFLAGS_value=
ac_cv_env_CPPFLAGS_set=
ac_cv_env_CPPFLAGS_value=
ac_cv_env_CPP_set=
ac_cv_env_CPP_value=
ac_cv_env_LDFLAGS_set=
ac_cv_env_LDFLAGS_value=
ac_cv_env_LIBS_set=
ac_cv_env_LIBS_value=
ac_cv_env_build_alias_set=
ac_cv_env_build_alias_value=
ac_cv_env_host_alias_set=
ac_cv_env_host_alias_value=
ac_cv_env_target_alias_set=
ac_cv_env_target_alias_value=
ac_cv_func_DH_generate_parameters_ex=yes
ac_cv_func_DH_new=yes
ac_cv_func_EC_KEY_new_by_curve_name=yes
ac_cv_func_EVP_CIPHER_fetch=no
ac_cv_func_EVP_MD_CTX_create=yes
ac_cv_func_EVP_MD_CTX_destroy=yes
ac_cv_func_EVP_MD_CTX_free=yes
ac_cv_func_EVP_MD_CTX_new=yes
ac_cv_func_OpenSSL_add_all_algorithms=no
ac_cv_func_PEM_read_DHparams=yes
ac_cv_func_SSL_set_min_proto_version=yes
ac_cv_func_SSL_set_tlsext_host_name=no
ac_cv_func_X509_check_host=yes
ac_cv_func_X509_get0_notAfter=yes
ac_cv_func_X509_get0_notBefore=yes
ac_cv_func_clearenv=yes
ac_cv_func_epoll_create1=yes
ac_cv_func_getentropy=yes
ac_cv_func_getloadavg=yes
ac_cv_func_getpagesize=yes
ac_cv_func_htonll=no
ac_cv_func_initgroups=yes
ac_cv_func_madvise=yes
ac_cv_func_mkostemp=yes
ac_cv_func_mlock=yes
ac_cv_func_mlockall=yes
ac_cv_func_mount=yes
ac_cv_func_munlockall=yes
ac_cv_func_ntohll=no
ac_cv_func_poll=yes
ac_cv_func_prctl=yes
ac_cv_func_ptsname_r=yes
ac_cv_func_sendfile=yes
ac_cv_func_setresuid=yes
ac_cv_func_sysconf=yes
ac_cv_func_sysinfo=yes
ac_cv_func_umount2=yes
ac_cv_func_umount=yes
ac_cv_have_decl_OpenSSL_add_all_algorithms=yes
ac_cv_have_decl_SSL_set_tlsext_host_name=yes
ac_cv_header_inttypes_h=yes
ac_cv_header_linux_netfilter_ipv4_h=yes
ac_cv_header_openssl_crypto_h=yes
ac_cv_header_openssl_ssl_h=yes
ac_cv_header_stdint_h=yes
ac_cv_header_stdio_h=yes
ac_cv_header_stdlib_h=yes
ac_cv_header_string_h=yes
ac_cv_header_strings_h=yes
ac_cv_header_sys_epoll_h=yes
ac_cv_header_sys_random_h=yes
ac_cv_header_sys_sendfile_h=yes
ac_cv_header_sys_stat_h=yes
ac_cv_header_sys_types_h=yes
ac_cv_header_unistd_h=yes
ac_cv_lib_c_get_current_dir_name=yes
ac_cv_lib_c_setns=yes
ac_cv_lib_c_unshare=yes
ac_cv_lib_crypto_EVP_CIPHER_CTX_init=yes
ac_cv_lib_ssl_SSL_library_init=yes
ac_cv_lib_z_deflate=yes
ac_cv_objext=o
ac_cv_path_EGREP='/bin/grep -E'
ac_cv_path_GREP=/bin/grep
ac_cv_prog_CPP='gcc -E'
ac_cv_prog_ac_ct_CC=gcc
ac_cv_prog_cc_c11=
ac_cv_prog_cc_g=yes
ac_cv_prog_cc_stdc=
ac_cv_prog_make_make_set=yes
ac_cv_sys_file_offset_bits=64
ac_cv_sys_largefile_CC=no

## ----------------- ##
## Output variables. ##
## ----------------- ##

AR='ar'
CC='gcc'
CFLAGS='-g -O2'
CPP='gcc -E'
CPPFLAGS=''
DEFS='-DPACKAGE_NAME=\"libUseful\" -DPACKAGE_TARNAME=\"libuseful\" -DPACKAGE_VERSION=\"5.71\" -DPACKAGE_STRING=\"libUseful\ 5.71\" -DPACKAGE_BUGREPORT=\"colums.projects@gmail.com\" -DPACKAGE_URL=\"\" -D_FILE_OFFSET_BITS=64 -DHAVE_GET_CURR_DIR=1 -DHAVE_GETLOADAVG=1 -DHAVE_SYSINFO=1 -DHAVE_SYSCONF=1 -DHAVE_GETPAGESIZE=1 -DHAVE_PTSNAME_R=1 -DHAVE_CLEARENV=1 -DHAVE_SETRESUID=1 -DHAVE_INITGROUPS=1 -DHAVE_MLOCK=1 -DHAVE_MLOCKALL=1 -DHAVE_MUNLOCKALL=1 -DHAVE_MADVISE=1 -DHAVE_MKOSTEMP=1 -DHAVE_MOUNT=1 -DHAVE_UMOUNT=1 -DHAVE_UMOUNT2=1 -DHAVE_GETENTROPY=1 -DHAVE_PRCTL=1 -DUSE_STRLEN_CACHE=1 -DHAVE_POLL=1 -DHAVE_STDIO_H=1 -DHAVE_STDLIB_H=1 -DHAVE_STRING_H=1 -DHAVE_INTTYPES_H=1 -DHAVE_STDINT_H=1 -DHAVE_STRINGS_H=1 -DHAVE_SYS_STAT_H=1 -DHAVE_SYS_TYPES_H=1 -DHAVE_UNISTD_H=1 -DSTDC_HEADERS=1 -DHAVE_EPOLL=1 -DHAVE_SENDFILE=1 -DHAVE_SYS_RANDOM=1 -DUSE_INET6=1 -DUSE_CRC32=1 -DUSE_MD5=1 -DUSE_SHA1=1 -DUSE_SHA2=1 -DUSE_WHIRL=1 -DUSE_JH=1 -DHAVE_LIBC=1 -DHAVE_UNSHARE=1 -DHAVE_LIBC=1 -DHAVE_SETNS=1 -DHAVE_LIBCRYPTO=1 -DHAVE_LIBSSL=1 -DHAVE_EVP_MD_CTX_CREATE=1 -DHAVE_EVP_MD_CTX_NEW=1 -DHAVE_EVP_MD_CTX_DESTROY=1 -DHAVE_EVP_MD_CTX_FREE=1 -DHAVE_X509_CHECK_HOST=1 -DHAVE_SSL_SET_MIN_PROTO_VERSION=1 -DHAVE_X509_GET0_NOTBEFORE=1 -DHAVE_X509_GET0_NOTAFTER=1 -DHAVE_EC_KEY_NEW_BY_CURVE_NAME=1 -DHAVE_DH_GENERATE_PARAMETERS_EX=1 -DHAVE_DH_NEW=1 -DHAVE_PEM_READ_DHPARAMS=1 -DHAVE_DECL_OPENSSL_ADD_ALL_ALGORITHMS=1 -DHAVE_OPENSSL_ADD_ALL_ALGORITHMS=1 -DHAVE_DECL_SSL_SET_TLSEXT_HOST_NAME=1 -DHAVE_SSL_SET_TLSEXT_HOST_NAME=1 -DHAVE_LIBZ=1'
ECHO_C=''
ECHO_N='-n'
ECHO_T=''
EGREP='/bin/grep -E'
EXEEXT=''
GREP='/bin/grep'
LDFLAGS=''
LIBOBJS=''
LIBS='-lz -lssl -lcrypto -lc -lc '
LICENSE='GPLv3'
LN='ln'
LTLIBOBJS=''
OBJEXT='o'
PACKAGE_BUGREPORT='colums.projects@gmail.com'
PACKAGE_NAME='libUseful'
PACKAGE_STRING='libUseful 5.71'
PACKAGE_TARNAME='libuseful'
PACKAGE_URL=''
PACKAGE_VERSION='5.71'
PATH_SEPARATOR=':'
SET_MAKE=''
SHELL='/bin/sh'
SIMD_CFLAGS=''
SONAME_FLAGS='-Wl,${LINKER_SONAME_OPTION},${SONAME}'
ac_ct_CC='gcc'
bindir='${exec_prefix}/bin'
build_alias=''
datadir='${datarootdir}'
datarootdir='${prefix}/share'
docdir='${datarootdir}/doc/${PACKAGE_TARNAME}'
dvidir='${docdir}'
exec_prefix='${prefix}'
host_alias=''
htmldir='${docdir}'
includedir='${prefix}/include'
infodir='${datarootdir}/info'
libdir='${exec_prefix}/lib'
libexecdir='${exec_prefix}/libexec'
localedir='${datarootdir}/locale'
localstatedir='${prefix}/var'
mandir='${datarootdir}/man'
oldincludedir='/usr/include'
pdfdir='${docdir}'
prefix='/usr/local'
program_transform_name='s,x,x,'
psdir='${docdir}'
runstatedir='${localstatedir}/run'
sbindir='${exec_prefix}/sbin'
sharedstatedir='${prefix}/com'
sysconfdir='${prefix}/etc'
target_alias=''

## ----------- ##
## confdefs.h. ##
## ----------- ##

/* confdefs.h */
#define PACKAGE_NAME "libUseful"
#define PACKAGE_TARNAME "libuseful"
#define PACKAGE_VERSION "5.71"
#define PACKAGE_STRING "libUseful 5.71"
#define PACKAGE_BUGREPORT "colums.projects@gmail.com"
#define PACKAGE_URL ""
#define _FILE_OFFSET_BITS 64
#define HAVE_GET_CURR_DIR 1
#define HAVE_GETLOADAVG 1
#define HAVE_SYSINFO 1
#define HAVE_SYSCONF 1
#define HAVE_GETPAGESIZE 1
#define HAVE_PTSNAME_R 1
#define HAVE_CLEARENV 1
#define HAVE_SETRESUID 1
#define HAVE_INITGROUPS 1
#define HAVE_MLOCK 1
#define HAVE_MLOCKALL 1
#define HAVE_MUNLOCKALL 1
#define HAVE_MADVISE 1
#define HAVE_MKOSTEMP 1
#define HAVE_MOUNT 1
#define HAVE_UMOUNT 1
#define HAVE_UMOUNT2 1
#define HAVE_GETENTROPY 1
#define HAVE_PRCTL 1
#define USE_STRLEN_CACHE 1
#define HAVE_POLL 1
#define HAVE_STDIO_H 1
#define HAVE_STDLIB_H 1
#define HAVE_STRING_H 1
#define HAVE_INTTYPES_H 1
#define HAVE_STDINT_H 1
#define HAVE_STRINGS_H 1
#define HAVE_SYS_STAT_H 1
#define HAVE_SYS_TYPES_H 1
#define HAVE_UNISTD_H 1
#define STDC_HEADERS 1
#define HAVE_EPOLL 1
#define HAVE_SENDFILE 1
#define HAVE_SYS_RANDOM 1
#define USE_INET6 1
#define USE_CRC32 1
#define USE_MD5 1
#define USE_SHA1 1
#define USE_SHA2 1
#define USE_WHIRL 1
#define USE_JH 1
#define HAVE_LIBC 1
#define HAVE_UNSHARE 1
#define HAVE_LIBC 1
#define HAVE_SETNS 1
#define HAVE_LIBCRYPTO 1
#define HAVE_LIBSSL 1
#define HAVE_EVP_MD_CTX_CREATE 1
#define HAVE_EVP_MD_CTX_NEW 1
#define HAVE_EVP_MD_CTX_DESTROY 1
#define HAVE_EVP_MD_CTX_FREE 1
#define HAVE_X509_CHECK_HOST 1
#define HAVE_SSL_SET_MIN_PROTO_VERSION 1
#define HAVE_X509_GET0_NOTBEFORE 1
#define HAVE_X509_GET0_NOTAFTER 1
#define HAVE_EC_KEY_NEW_BY_CURVE_NAME 1
#define HAVE_DH_GENERATE_PARAMETERS_EX 1
#define HAVE_DH_NEW 1
#define HAVE_PEM_READ_DHPARAMS 1
#define HAVE_DECL_OPENSSL_ADD_ALL_ALGORITHMS 1
#define HAVE_OPENSSL_ADD_ALL_ALGORITHMS 1
#define HAVE_DECL_SSL_SET_TLSEXT_HOST_NAME 1
#define HAVE_SSL_SET_TLSEXT_HOST_NAME 1
#define HAVE_LIBZ 1

configure: exit 0
